stdClass Object
(
    [update_id] => 628533666
    [channel_post] => stdClass Object
        (
            [message_id] => 66
            [author_signature] => vitovtov_subscription_chennel
            [sender_chat] => stdClass Object
                (
                    [id] => -1002314319163
                    [title] => WebAppChannel
                    [type] => channel
                )

            [chat] => stdClass Object
                (
                    [id] => -1002314319163
                    [title] => WebAppChannel
                    [type] => channel
                )

            [date] => 1740498051
            [text] => kln
        )

)
